S3N2: 2024/03/05 21:51:09 pbftInside_module.go:41: S3N2 : the pre-prepare message is correct, putting it into the RequestPool. 
S3N2: 2024/03/05 21:51:09 messageHandle.go:91: S3N2 : has broadcast the prepare message 
S3N2: 2024/03/05 21:51:09 messageHandle.go:96: S3N2 : received the Prepare ...
S3N2: 2024/03/05 21:51:09 messageHandle.go:127: S3N2 : is going to commit
S3N2: 2024/03/05 21:51:09 messageHandle.go:141: S3N2 : commit is broadcast
S3N2: 2024/03/05 21:51:09 messageHandle.go:153: S3N2 received the Commit from ...1
S3N2: 2024/03/05 21:51:09 messageHandle.go:153: S3N2 received the Commit from ...0
S3N2: 2024/03/05 21:51:09 messageHandle.go:165: S3N2 : has received 2f + 1 commits ... 
S3N2: 2024/03/05 21:51:09 pbftInside_module.go:58: S3N2 : adding the block 36...now height = 35 
S3N2: 2024/03/05 21:51:16 pbftInside_module.go:60: S3N2 : added the block 36... 
S3N2: 2024/03/05 21:51:16 messageHandle.go:194: S3N2: this round of pbft 36 is end 
S3N2: 2024/03/05 21:51:16 messageHandle.go:153: S3N2 received the Commit from ...3
S3N2: 2024/03/05 21:51:16 messageHandle.go:96: S3N2 : received the Prepare ...
S3N2: 2024/03/05 21:51:16 messageHandle.go:105: S3N2 : doesn't have the digest in the requst pool, refuse to commit
S3N2: 2024/03/05 21:51:16 messageHandle.go:96: S3N2 : received the Prepare ...
S3N2: 2024/03/05 21:51:16 messageHandle.go:105: S3N2 : doesn't have the digest in the requst pool, refuse to commit
S3N2: 2024/03/05 21:51:16 messageHandle.go:153: S3N2 received the Commit from ...1
S3N2: 2024/03/05 21:51:16 messageHandle.go:153: S3N2 received the Commit from ...3
S3N2: 2024/03/05 21:51:16 messageHandle.go:165: S3N2 : has received 2f + 1 commits ... 
S3N2: 2024/03/05 21:51:16 messageHandle.go:187: S3N2 : is now requesting message (seq 38 to 37) ... 
