S2N0: 2024/03/05 21:51:09 messageHandle.go:30: S2N0 get sequenceLock locked, now trying to propose...
S2N0: 2024/03/05 21:51:09 messageHandle.go:37: S2N0 put the request into the pool ...
S2N0: 2024/03/05 21:51:09 messageHandle.go:96: S2N0 : received the Prepare ...
S2N0: 2024/03/05 21:51:09 messageHandle.go:96: S2N0 : received the Prepare ...
S2N0: 2024/03/05 21:51:09 messageHandle.go:127: S2N0 : is going to commit
S2N0: 2024/03/05 21:51:09 messageHandle.go:141: S2N0 : commit is broadcast
S2N0: 2024/03/05 21:51:09 messageHandle.go:153: S2N0 received the Commit from ...2
S2N0: 2024/03/05 21:51:09 messageHandle.go:153: S2N0 received the Commit from ...3
S2N0: 2024/03/05 21:51:09 messageHandle.go:165: S2N0 : has received 2f + 1 commits ... 
S2N0: 2024/03/05 21:51:09 pbftInside_module.go:58: S2N0 : adding the block 36...now height = 35 
S2N0: 2024/03/05 21:51:14 pbftInside_module.go:60: S2N0 : added the block 36... 
S2N0: 2024/03/05 21:51:14 pbftInside_module.go:65: S2N0 : main node is trying to send relay txs at height = 36 
S2N0: 2024/03/05 21:51:14 pbftInside_module.go:100: S2N0 : sended relay txs to 0
S2N0: 2024/03/05 21:51:14 pbftInside_module.go:100: S2N0 : sended relay txs to 1
S2N0: 2024/03/05 21:51:14 pbftInside_module.go:100: S2N0 : sended relay txs to 3
S2N0: 2024/03/05 21:51:14 pbftInside_module.go:122: S2N0 : sended excuted txs
S2N0: 2024/03/05 21:51:14 messageHandle.go:194: S2N0: this round of pbft 36 is end 
S2N0: 2024/03/05 21:51:14 messageHandle.go:201: S2N0 get sequenceLock unlocked...
S2N0: 2024/03/05 21:51:14 messageHandle.go:30: S2N0 get sequenceLock locked, now trying to propose...
S2N0: 2024/03/05 21:51:14 messageHandle.go:153: S2N0 received the Commit from ...1
S2N0: 2024/03/05 21:51:14 messageHandle.go:37: S2N0 put the request into the pool ...
S2N0: 2024/03/05 21:51:14 pbftOutside_module.go:51: S2N0 : has handled injected txs msg, txs: 574 
S2N0: 2024/03/05 21:51:14 pbftOutside_module.go:34: S2N0 : has received relay txs from shard 1, the senderSeq is 36
S2N0: 2024/03/05 21:51:14 pbftOutside_module.go:39: S2N0 : has handled relay txs msg
S2N0: 2024/03/05 21:51:14 messageHandle.go:96: S2N0 : received the Prepare ...
S2N0: 2024/03/05 21:51:14 messageHandle.go:153: S2N0 received the Commit from ...3
S2N0: 2024/03/05 21:51:14 messageHandle.go:96: S2N0 : received the Prepare ...
S2N0: 2024/03/05 21:51:14 messageHandle.go:127: S2N0 : is going to commit
S2N0: 2024/03/05 21:51:14 messageHandle.go:141: S2N0 : commit is broadcast
S2N0: 2024/03/05 21:51:14 messageHandle.go:153: S2N0 received the Commit from ...2
S2N0: 2024/03/05 21:51:14 messageHandle.go:165: S2N0 : has received 2f + 1 commits ... 
S2N0: 2024/03/05 21:51:14 pbftInside_module.go:58: S2N0 : adding the block 37...now height = 36 
