S0N1: 2024/03/05 21:51:09 pbftInside_module.go:38: S0N1 : not a valid block
S0N1: 2024/03/05 21:51:09 messageHandle.go:96: S0N1 : received the Prepare ...
S0N1: 2024/03/05 21:51:09 messageHandle.go:127: S0N1 : is going to commit
S0N1: 2024/03/05 21:51:09 messageHandle.go:141: S0N1 : commit is broadcast
S0N1: 2024/03/05 21:51:09 messageHandle.go:153: S0N1 received the Commit from ...3
S0N1: 2024/03/05 21:51:09 messageHandle.go:96: S0N1 : received the Prepare ...
S0N1: 2024/03/05 21:51:09 messageHandle.go:153: S0N1 received the Commit from ...2
S0N1: 2024/03/05 21:51:09 messageHandle.go:165: S0N1 : has received 2f + 1 commits ... 
S0N1: 2024/03/05 21:51:09 pbftInside_module.go:58: S0N1 : adding the block 36...now height = 35 
S0N1: 2024/03/05 21:51:16 pbftInside_module.go:60: S0N1 : added the block 36... 
S0N1: 2024/03/05 21:51:16 messageHandle.go:194: S0N1: this round of pbft 36 is end 
S0N1: 2024/03/05 21:51:16 messageHandle.go:153: S0N1 received the Commit from ...0
S0N1: 2024/03/05 21:51:16 messageHandle.go:96: S0N1 : received the Prepare ...
S0N1: 2024/03/05 21:51:16 messageHandle.go:105: S0N1 : doesn't have the digest in the requst pool, refuse to commit
S0N1: 2024/03/05 21:51:16 messageHandle.go:153: S0N1 received the Commit from ...3
S0N1: 2024/03/05 21:51:16 messageHandle.go:96: S0N1 : received the Prepare ...
S0N1: 2024/03/05 21:51:16 messageHandle.go:105: S0N1 : doesn't have the digest in the requst pool, refuse to commit
S0N1: 2024/03/05 21:51:16 messageHandle.go:153: S0N1 received the Commit from ...2
S0N1: 2024/03/05 21:51:16 messageHandle.go:165: S0N1 : has received 2f + 1 commits ... 
S0N1: 2024/03/05 21:51:16 messageHandle.go:187: S0N1 : is now requesting message (seq 38 to 37) ... 
S0N1: 2024/03/05 21:51:16 pbftInside_module.go:41: S0N1 : the pre-prepare message is correct, putting it into the RequestPool. 
S0N1: 2024/03/05 21:51:16 messageHandle.go:91: S0N1 : has broadcast the prepare message 
S0N1: 2024/03/05 21:51:16 messageHandle.go:153: S0N1 received the Commit from ...0
