S0N2: 2024/03/05 21:51:09 pbftInside_module.go:41: S0N2 : the pre-prepare message is correct, putting it into the RequestPool. 
S0N2: 2024/03/05 21:51:09 messageHandle.go:91: S0N2 : has broadcast the prepare message 
S0N2: 2024/03/05 21:51:09 messageHandle.go:96: S0N2 : received the Prepare ...
S0N2: 2024/03/05 21:51:09 messageHandle.go:127: S0N2 : is going to commit
S0N2: 2024/03/05 21:51:09 messageHandle.go:141: S0N2 : commit is broadcast
S0N2: 2024/03/05 21:51:09 messageHandle.go:153: S0N2 received the Commit from ...3
S0N2: 2024/03/05 21:51:09 messageHandle.go:153: S0N2 received the Commit from ...0
S0N2: 2024/03/05 21:51:09 messageHandle.go:165: S0N2 : has received 2f + 1 commits ... 
S0N2: 2024/03/05 21:51:09 pbftInside_module.go:58: S0N2 : adding the block 36...now height = 35 
S0N2: 2024/03/05 21:51:15 pbftInside_module.go:60: S0N2 : added the block 36... 
S0N2: 2024/03/05 21:51:15 messageHandle.go:194: S0N2: this round of pbft 36 is end 
S0N2: 2024/03/05 21:51:15 pbftInside_module.go:41: S0N2 : the pre-prepare message is correct, putting it into the RequestPool. 
S0N2: 2024/03/05 21:51:15 messageHandle.go:91: S0N2 : has broadcast the prepare message 
S0N2: 2024/03/05 21:51:15 messageHandle.go:153: S0N2 received the Commit from ...1
S0N2: 2024/03/05 21:51:15 messageHandle.go:96: S0N2 : received the Prepare ...
S0N2: 2024/03/05 21:51:15 messageHandle.go:127: S0N2 : is going to commit
S0N2: 2024/03/05 21:51:15 messageHandle.go:141: S0N2 : commit is broadcast
S0N2: 2024/03/05 21:51:15 messageHandle.go:153: S0N2 received the Commit from ...0
S0N2: 2024/03/05 21:51:15 messageHandle.go:153: S0N2 received the Commit from ...3
S0N2: 2024/03/05 21:51:15 messageHandle.go:165: S0N2 : has received 2f + 1 commits ... 
S0N2: 2024/03/05 21:51:15 pbftInside_module.go:58: S0N2 : adding the block 37...now height = 36 
S0N2: 2024/03/05 21:51:19 pbftInside_module.go:60: S0N2 : added the block 37... 
S0N2: 2024/03/05 21:51:19 messageHandle.go:194: S0N2: this round of pbft 37 is end 
S0N2: 2024/03/05 21:51:19 messageHandle.go:96: S0N2 : received the Prepare ...
