S0N3: 2024/03/05 21:51:09 pbftInside_module.go:41: S0N3 : the pre-prepare message is correct, putting it into the RequestPool. 
S0N3: 2024/03/05 21:51:09 messageHandle.go:91: S0N3 : has broadcast the prepare message 
S0N3: 2024/03/05 21:51:09 messageHandle.go:96: S0N3 : received the Prepare ...
S0N3: 2024/03/05 21:51:09 messageHandle.go:127: S0N3 : is going to commit
S0N3: 2024/03/05 21:51:09 messageHandle.go:141: S0N3 : commit is broadcast
S0N3: 2024/03/05 21:51:09 messageHandle.go:153: S0N3 received the Commit from ...2
S0N3: 2024/03/05 21:51:09 messageHandle.go:153: S0N3 received the Commit from ...0
S0N3: 2024/03/05 21:51:09 messageHandle.go:165: S0N3 : has received 2f + 1 commits ... 
S0N3: 2024/03/05 21:51:09 pbftInside_module.go:58: S0N3 : adding the block 36...now height = 35 
S0N3: 2024/03/05 21:51:15 pbftInside_module.go:60: S0N3 : added the block 36... 
S0N3: 2024/03/05 21:51:15 messageHandle.go:194: S0N3: this round of pbft 36 is end 
S0N3: 2024/03/05 21:51:15 messageHandle.go:153: S0N3 received the Commit from ...1
S0N3: 2024/03/05 21:51:15 pbftInside_module.go:41: S0N3 : the pre-prepare message is correct, putting it into the RequestPool. 
S0N3: 2024/03/05 21:51:15 messageHandle.go:91: S0N3 : has broadcast the prepare message 
S0N3: 2024/03/05 21:51:15 messageHandle.go:96: S0N3 : received the Prepare ...
S0N3: 2024/03/05 21:51:15 messageHandle.go:127: S0N3 : is going to commit
S0N3: 2024/03/05 21:51:15 messageHandle.go:141: S0N3 : commit is broadcast
S0N3: 2024/03/05 21:51:15 messageHandle.go:153: S0N3 received the Commit from ...0
S0N3: 2024/03/05 21:51:15 messageHandle.go:153: S0N3 received the Commit from ...2
S0N3: 2024/03/05 21:51:15 messageHandle.go:165: S0N3 : has received 2f + 1 commits ... 
S0N3: 2024/03/05 21:51:15 pbftInside_module.go:58: S0N3 : adding the block 37...now height = 36 
